2025-09-01 15:34:39,879 - INFO - Loaded mapping with 9 QCI->5QI entries
2025-09-01 15:34:39,879 - INFO - Starting QCI/5QI analysis on samples
2025-09-01 15:34:39,880 - INFO - Discovered 2 data files: ['minimal.csv', 'minimal.csv']
2025-09-01 15:34:39,880 - INFO - Processing file: minimal.csv
2025-09-01 15:34:39,883 - DEBUG - Normalized columns: ['timestamp', 'qci', '5qi', 'imsi', 'bearer_id', 'throughput', 'latency', 'packet_loss']
2025-09-01 15:34:39,886 - INFO - Parsed 10/10 timestamps successfully
2025-09-01 15:34:39,886 - INFO - Processing file: minimal.csv
2025-09-01 15:34:39,888 - DEBUG - Normalized columns: ['timestamp', 'qci', '5qi', 'imsi', 'bearer_id', 'throughput', 'latency', 'packet_loss']
2025-09-01 15:34:39,889 - INFO - Parsed 10/10 timestamps successfully
2025-09-01 15:34:39,889 - INFO - Combined dataset: 20 rows, 9 columns
2025-09-01 15:34:39,889 - INFO - Computing distributions...
2025-09-01 15:34:39,893 - INFO - Detecting mismatches...
2025-09-01 15:34:39,895 - INFO - Detected 2 mismatches out of 20 comparisons (10.00%)
2025-09-01 15:34:39,895 - INFO - Analyzing bearer consistency...
2025-09-01 15:34:39,899 - INFO - Detected 1 bearer consistency anomalies
2025-09-01 15:34:39,900 - INFO - Computing KPI statistics...
2025-09-01 15:34:40,023 - INFO - Classifying entity anomalies...
2025-09-01 15:34:40,026 - INFO - Detecting KPI outliers...
2025-09-01 15:34:40,028 - INFO - Detected 0 KPI outliers
2025-09-01 15:34:40,028 - INFO - Creating anomalies summary...
2025-09-01 15:34:40,029 - INFO - Creating charts...
2025-09-01 15:34:44,761 - INFO - Generating report...
2025-09-01 15:34:44,763 - INFO - Generated report: samples/output/REPORT.md
2025-09-01 15:34:44,763 - INFO - Analysis completed successfully!
